2025-02-12 14:04:57,076 - INFO - Log cleared.
2025-02-12 14:18:17,965 - WARNING - No such directory: 
2025-02-12 14:39:23,475 - INFO - Converted 1 success/0 fail files to PDF.
2025-02-12 14:41:23,768 - INFO - Converted 1 success/0 fail files to PDF.
2025-02-12 14:59:15,609 - INFO - Converted 1 success/0 fail files to PDF.
2025-02-12 15:03:39,759 - INFO - Converted 1 success/0 fail files to PDF.
2025-02-12 15:03:45,406 - INFO - Converted 1 success/0 fail files to PDF.
2025-02-12 15:05:24,996 - INFO - Converted 1 success/0 fail files to PDF.
2025-02-12 15:07:16,841 - INFO - Converted 1 success/0 fail files to PDF.
2025-02-12 16:09:15,664 - INFO - Converted 36 success/0 fail files to PDF.
2025-02-12 16:10:49,573 - INFO - FileName: 8SSP57B71364A1DB51L11BE-110V-100%-L.pdf
2025-02-12 16:10:49,736 - INFO - FileName: 8SSP57B71364A1DB51L11BE-110V-100%-N.pdf
2025-02-12 16:10:49,893 - INFO - FileName: 8SSP57B71364A1DB51L11BE-110V-25%-L.pdf
2025-02-12 16:10:50,044 - INFO - FileName: 8SSP57B71364A1DB51L11BE-110V-25%-N.pdf
2025-02-12 16:10:50,215 - INFO - FileName: 8SSP57B71364A1DB51L11BE-110V-50%-L.pdf
2025-02-12 16:10:50,365 - INFO - FileName: 8SSP57B71364A1DB51L11BE-110V-50%-N.pdf
2025-02-12 16:10:50,516 - INFO - FileName: 8SSP57B71364A1DB51L11BE-220V-100%-L.pdf
2025-02-12 16:10:50,666 - INFO - FileName: 8SSP57B71364A1DB51L11BE-220V-100%-N.pdf
2025-02-12 16:10:50,818 - INFO - FileName: 8SSP57B71364A1DB51L11BE-220V-25%-L.pdf
2025-02-12 16:10:51,002 - INFO - FileName: 8SSP57B71364A1DB51L11BE-220V-25%-N.pdf
2025-02-12 16:10:51,153 - INFO - FileName: 8SSP57B71364A1DB51L11BE-220V-50%-L.pdf
2025-02-12 16:10:51,304 - INFO - FileName: 8SSP57B71364A1DB51L11BE-220V-50%-N.pdf
2025-02-12 16:10:51,455 - INFO - FileName: 8SSP57B71364A1DB51M103L-110V-100%-L.pdf
2025-02-12 16:10:51,606 - INFO - FileName: 8SSP57B71364A1DB51M103L-110V-100%-N.pdf
2025-02-12 16:10:51,790 - INFO - FileName: 8SSP57B71364A1DB51M103L-110V-25%-L.pdf
2025-02-12 16:10:51,942 - INFO - FileName: 8SSP57B71364A1DB51M103L-110V-25%-N.pdf
2025-02-12 16:10:52,106 - INFO - FileName: 8SSP57B71364A1DB51M103L-110V-50%-L.pdf
2025-02-12 16:10:52,259 - INFO - FileName: 8SSP57B71364A1DB51M103L-110V-50%-N.pdf
2025-02-12 16:10:52,408 - INFO - FileName: 8SSP57B71364A1DB51M103L-220V-100%-L.pdf
2025-02-12 16:10:52,584 - INFO - FileName: 8SSP57B71364A1DB51M103L-220V-100%-N.pdf
2025-02-12 16:10:52,735 - INFO - FileName: 8SSP57B71364A1DB51M103L-220V-25%-L.pdf
2025-02-12 16:10:52,888 - INFO - FileName: 8SSP57B71364A1DB51M103L-220V-25%-N.pdf
2025-02-12 16:10:53,039 - INFO - FileName: 8SSP57B71364A1DB51M103L-220V-50%-L.pdf
2025-02-12 16:10:53,190 - INFO - FileName: 8SSP57B71364A1DB51M103L-220V-50%-N.pdf
2025-02-12 16:10:53,339 - INFO - FileName: 8SSP57B71364A1DB51M11T9-110V-100%-L.pdf
2025-02-12 16:10:53,522 - INFO - FileName: 8SSP57B71364A1DB51M11T9-110V-100%-N.pdf
2025-02-12 16:10:53,673 - INFO - FileName: 8SSP57B71364A1DB51M11T9-110V-25%-L.pdf
2025-02-12 16:10:53,824 - INFO - FileName: 8SSP57B71364A1DB51M11T9-110V-25%-N.pdf
2025-02-12 16:10:53,978 - INFO - FileName: 8SSP57B71364A1DB51M11T9-110V-50%-L.pdf
2025-02-12 16:10:54,153 - INFO - FileName: 8SSP57B71364A1DB51M11T9-110V-50%-N.pdf
2025-02-12 16:10:54,329 - INFO - FileName: 8SSP57B71364A1DB51M11T9-220V-100%-L.pdf
2025-02-12 16:10:54,483 - INFO - FileName: 8SSP57B71364A1DB51M11T9-220V-100%-N.pdf
2025-02-12 16:10:54,634 - INFO - FileName: 8SSP57B71364A1DB51M11T9-220V-25%-L.pdf
2025-02-12 16:10:54,785 - INFO - FileName: 8SSP57B71364A1DB51M11T9-220V-25%-N.pdf
2025-02-12 16:10:54,934 - INFO - FileName: 8SSP57B71364A1DB51M11T9-220V-50%-L.pdf
2025-02-12 16:10:55,111 - INFO - FileName: 8SSP57B71364A1DB51M11T9-220V-50%-N.pdf
2025-02-12 16:10:55,273 - INFO - Max row after deletion: 79
2025-05-19 14:04:03,338 - INFO - FileName: P65410O48FA0492-48V-100%-L.pdf
2025-05-19 14:04:03,916 - INFO - FileName: P65410O48FA0492-48V-100%-N.pdf
2025-05-19 14:04:04,465 - INFO - FileName: P65410O48FA0492-48V-25%-L.pdf
2025-05-19 14:04:05,031 - INFO - FileName: P65410O48FA0492-48V-25%-N.pdf
2025-05-19 14:04:05,571 - INFO - FileName: P65410O48FA0492-48V-50%-L.pdf
2025-05-19 14:04:06,122 - INFO - FileName: P65410O48FA0492-48V-50%-N.pdf
2025-05-19 14:04:06,682 - INFO - FileName: P65410O48FA0493-48V-100%-L.pdf
2025-05-19 14:04:07,253 - INFO - FileName: P65410O48FA0493-48V-100%-N.pdf
2025-05-19 14:04:07,793 - INFO - FileName: P65410O48FA0493-48V-25%-L.pdf
2025-05-19 14:04:08,343 - INFO - FileName: P65410O48FA0493-48V-25%-N.pdf
2025-05-19 14:04:08,894 - INFO - FileName: P65410O48FA0493-48V-50%-L.pdf
2025-05-19 14:04:09,437 - INFO - FileName: P65410O48FA0493-48V-50%-N.pdf
2025-05-19 14:04:09,972 - INFO - FileName: P65410O48FA0494-48V-100%-L.pdf
2025-05-19 14:04:10,566 - INFO - FileName: P65410O48FA0494-48V-100%-N.pdf
2025-05-19 14:04:11,119 - INFO - FileName: P65410O48FA0494-48V-25%-L.pdf
2025-05-19 14:04:11,680 - INFO - FileName: P65410O48FA0494-48V-25%-N.pdf
2025-05-19 14:04:12,231 - INFO - FileName: P65410O48FA0494-48V-50%-L.pdf
2025-05-19 14:04:12,803 - INFO - FileName: P65410O48FA0494-48V-50%-N.pdf
2025-05-19 14:04:13,370 - INFO - Max row after deletion: 73
2025-05-19 14:06:55,032 - INFO - FileName: P65410O48FA0492-48V-100%-L.pdf
2025-05-19 14:06:55,186 - INFO - FileName: P65410O48FA0492-48V-100%-N.pdf
2025-05-19 14:06:55,330 - INFO - FileName: P65410O48FA0492-48V-25%-L.pdf
2025-05-19 14:06:55,492 - INFO - FileName: P65410O48FA0492-48V-25%-N.pdf
2025-05-19 14:06:55,663 - INFO - FileName: P65410O48FA0492-48V-50%-L.pdf
2025-05-19 14:06:55,813 - INFO - FileName: P65410O48FA0492-48V-50%-N.pdf
2025-05-19 14:06:55,956 - INFO - FileName: P65410O48FA0493-48V-100%-L.pdf
2025-05-19 14:06:56,119 - INFO - FileName: P65410O48FA0493-48V-100%-N.pdf
2025-05-19 14:06:56,273 - INFO - FileName: P65410O48FA0493-48V-25%-L.pdf
2025-05-19 14:06:56,473 - INFO - FileName: P65410O48FA0493-48V-25%-N.pdf
2025-05-19 14:06:56,629 - INFO - FileName: P65410O48FA0493-48V-50%-L.pdf
2025-05-19 14:06:56,782 - INFO - FileName: P65410O48FA0493-48V-50%-N.pdf
2025-05-19 14:06:56,939 - INFO - FileName: P65410O48FA0494-48V-100%-L.pdf
2025-05-19 14:06:57,102 - INFO - FileName: P65410O48FA0494-48V-100%-N.pdf
2025-05-19 14:06:57,319 - INFO - FileName: P65410O48FA0494-48V-25%-L.pdf
2025-05-19 14:06:57,478 - INFO - FileName: P65410O48FA0494-48V-25%-N.pdf
2025-05-19 14:06:57,635 - INFO - FileName: P65410O48FA0494-48V-50%-L.pdf
2025-05-19 14:06:57,786 - INFO - FileName: P65410O48FA0494-48V-50%-N.pdf
2025-05-19 14:06:57,930 - INFO - Max row after deletion: 73
2025-05-19 14:10:08,076 - INFO - FileName: P65410O48FA0492-48V-100%-L.pdf
2025-05-19 14:10:08,240 - INFO - FileName: P65410O48FA0492-48V-100%-N.pdf
2025-05-19 14:10:08,383 - INFO - FileName: P65410O48FA0492-48V-25%-L.pdf
2025-05-19 14:10:08,537 - INFO - FileName: P65410O48FA0492-48V-25%-N.pdf
2025-05-19 14:10:08,713 - INFO - FileName: P65410O48FA0492-48V-50%-L.pdf
2025-05-19 14:10:08,873 - INFO - FileName: P65410O48FA0492-48V-50%-N.pdf
2025-05-19 14:10:09,016 - INFO - FileName: P65410O48FA0493-48V-100%-L.pdf
2025-05-19 14:10:09,169 - INFO - FileName: P65410O48FA0493-48V-100%-N.pdf
2025-05-19 14:10:09,312 - INFO - FileName: P65410O48FA0493-48V-25%-L.pdf
2025-05-19 14:10:09,486 - INFO - FileName: P65410O48FA0493-48V-25%-N.pdf
2025-05-19 14:10:09,634 - INFO - FileName: P65410O48FA0493-48V-50%-L.pdf
2025-05-19 14:10:09,774 - INFO - FileName: P65410O48FA0493-48V-50%-N.pdf
2025-05-19 14:10:09,926 - INFO - FileName: P65410O48FA0494-48V-100%-L.pdf
2025-05-19 14:10:10,070 - INFO - FileName: P65410O48FA0494-48V-100%-N.pdf
2025-05-19 14:10:10,245 - INFO - FileName: P65410O48FA0494-48V-25%-L.pdf
2025-05-19 14:10:10,399 - INFO - FileName: P65410O48FA0494-48V-25%-N.pdf
2025-05-19 14:10:10,553 - INFO - FileName: P65410O48FA0494-48V-50%-L.pdf
2025-05-19 14:10:10,706 - INFO - FileName: P65410O48FA0494-48V-50%-N.pdf
2025-05-19 14:10:10,859 - INFO - Max row after deletion: 73
2025-05-19 14:11:09,197 - INFO - FileName: P65410O48FA0492-48V-100%-L.pdf
2025-05-19 14:11:09,373 - INFO - FileName: P65410O48FA0492-48V-100%-N.pdf
2025-05-19 14:11:09,540 - INFO - FileName: P65410O48FA0492-48V-25%-L.pdf
2025-05-19 14:11:09,695 - INFO - FileName: P65410O48FA0492-48V-25%-N.pdf
2025-05-19 14:11:09,869 - INFO - FileName: P65410O48FA0492-48V-50%-L.pdf
2025-05-19 14:11:10,012 - INFO - FileName: P65410O48FA0492-48V-50%-N.pdf
2025-05-19 14:11:10,187 - INFO - FileName: P65410O48FA0493-48V-100%-L.pdf
2025-05-19 14:11:10,341 - INFO - FileName: P65410O48FA0493-48V-100%-N.pdf
2025-05-19 14:11:10,490 - INFO - FileName: P65410O48FA0493-48V-25%-L.pdf
2025-05-19 14:11:10,658 - INFO - FileName: P65410O48FA0493-48V-25%-N.pdf
2025-05-19 14:11:10,812 - INFO - FileName: P65410O48FA0493-48V-50%-L.pdf
2025-05-19 14:11:10,966 - INFO - FileName: P65410O48FA0493-48V-50%-N.pdf
2025-05-19 14:11:11,135 - INFO - FileName: P65410O48FA0494-48V-100%-L.pdf
2025-05-19 14:11:11,317 - INFO - FileName: P65410O48FA0494-48V-100%-N.pdf
2025-05-19 14:11:11,513 - INFO - FileName: P65410O48FA0494-48V-25%-L.pdf
2025-05-19 14:11:11,673 - INFO - FileName: P65410O48FA0494-48V-25%-N.pdf
2025-05-19 14:11:11,849 - INFO - FileName: P65410O48FA0494-48V-50%-L.pdf
2025-05-19 14:11:12,014 - INFO - FileName: P65410O48FA0494-48V-50%-N.pdf
2025-05-19 14:11:12,181 - INFO - Max row after deletion: 73
2025-05-19 14:15:14,907 - INFO - FileName: P65410O48FA0492-48V-100%-L.pdf
2025-05-19 14:15:15,061 - INFO - FileName: P65410O48FA0492-48V-100%-N.pdf
2025-05-19 14:15:15,209 - INFO - FileName: P65410O48FA0492-48V-25%-L.pdf
2025-05-19 14:15:15,356 - INFO - FileName: P65410O48FA0492-48V-25%-N.pdf
2025-05-19 14:15:15,522 - INFO - FileName: P65410O48FA0492-48V-50%-L.pdf
2025-05-19 14:15:15,675 - INFO - FileName: P65410O48FA0492-48V-50%-N.pdf
2025-05-19 14:15:15,828 - INFO - FileName: P65410O48FA0493-48V-100%-L.pdf
2025-05-19 14:15:15,976 - INFO - FileName: P65410O48FA0493-48V-100%-N.pdf
2025-05-19 14:15:16,124 - INFO - FileName: P65410O48FA0493-48V-25%-L.pdf
2025-05-19 14:15:16,288 - INFO - FileName: P65410O48FA0493-48V-25%-N.pdf
2025-05-19 14:15:16,441 - INFO - FileName: P65410O48FA0493-48V-50%-L.pdf
2025-05-19 14:15:16,583 - INFO - FileName: P65410O48FA0493-48V-50%-N.pdf
2025-05-19 14:15:16,730 - INFO - FileName: P65410O48FA0494-48V-100%-L.pdf
2025-05-19 14:15:16,887 - INFO - FileName: P65410O48FA0494-48V-100%-N.pdf
2025-05-19 14:15:17,070 - INFO - FileName: P65410O48FA0494-48V-25%-L.pdf
2025-05-19 14:15:17,211 - INFO - FileName: P65410O48FA0494-48V-25%-N.pdf
2025-05-19 14:15:17,369 - INFO - FileName: P65410O48FA0494-48V-50%-L.pdf
2025-05-19 14:15:17,518 - INFO - FileName: P65410O48FA0494-48V-50%-N.pdf
2025-05-19 14:15:17,663 - INFO - Max row after deletion: 73
2025-05-19 14:18:37,905 - INFO - FileName: P65410O48FA0492-48V-100%-L.pdf
2025-05-19 14:18:38,062 - INFO - FileName: P65410O48FA0492-48V-100%-N.pdf
2025-05-19 14:18:38,225 - INFO - FileName: P65410O48FA0492-48V-25%-L.pdf
2025-05-19 14:18:38,388 - INFO - FileName: P65410O48FA0492-48V-25%-N.pdf
2025-05-19 14:18:38,563 - INFO - FileName: P65410O48FA0492-48V-50%-L.pdf
2025-05-19 14:18:38,726 - INFO - FileName: P65410O48FA0492-48V-50%-N.pdf
2025-05-19 14:18:38,889 - INFO - FileName: P65410O48FA0493-48V-100%-L.pdf
2025-05-19 14:18:39,043 - INFO - FileName: P65410O48FA0493-48V-100%-N.pdf
2025-05-19 14:18:39,206 - INFO - FileName: P65410O48FA0493-48V-25%-L.pdf
2025-05-19 14:18:39,390 - INFO - FileName: P65410O48FA0493-48V-25%-N.pdf
2025-05-19 14:18:39,543 - INFO - FileName: P65410O48FA0493-48V-50%-L.pdf
2025-05-19 14:18:39,711 - INFO - FileName: P65410O48FA0493-48V-50%-N.pdf
2025-05-19 14:18:39,863 - INFO - FileName: P65410O48FA0494-48V-100%-L.pdf
2025-05-19 14:18:40,029 - INFO - FileName: P65410O48FA0494-48V-100%-N.pdf
2025-05-19 14:18:40,219 - INFO - FileName: P65410O48FA0494-48V-25%-L.pdf
2025-05-19 14:18:40,391 - INFO - FileName: P65410O48FA0494-48V-25%-N.pdf
2025-05-19 14:18:40,554 - INFO - FileName: P65410O48FA0494-48V-50%-L.pdf
2025-05-19 14:18:40,716 - INFO - FileName: P65410O48FA0494-48V-50%-N.pdf
2025-05-19 14:18:40,880 - INFO - Max row after deletion: 73
2025-05-19 14:22:17,836 - INFO - FileName: P65410O48FA0492-48V-100%-L.pdf
2025-05-19 14:22:18,000 - INFO - FileName: P65410O48FA0492-48V-100%-N.pdf
2025-05-19 14:22:18,143 - INFO - FileName: P65410O48FA0492-48V-25%-L.pdf
2025-05-19 14:22:18,297 - INFO - FileName: P65410O48FA0492-48V-25%-N.pdf
2025-05-19 14:22:18,461 - INFO - FileName: P65410O48FA0492-48V-50%-L.pdf
2025-05-19 14:22:18,604 - INFO - FileName: P65410O48FA0492-48V-50%-N.pdf
2025-05-19 14:22:18,756 - INFO - FileName: P65410O48FA0493-48V-100%-L.pdf
2025-05-19 14:22:18,900 - INFO - FileName: P65410O48FA0493-48V-100%-N.pdf
2025-05-19 14:22:19,054 - INFO - FileName: P65410O48FA0493-48V-25%-L.pdf
2025-05-19 14:22:19,227 - INFO - FileName: P65410O48FA0493-48V-25%-N.pdf
2025-05-19 14:22:19,373 - INFO - FileName: P65410O48FA0493-48V-50%-L.pdf
2025-05-19 14:22:19,514 - INFO - FileName: P65410O48FA0493-48V-50%-N.pdf
2025-05-19 14:22:19,668 - INFO - FileName: P65410O48FA0494-48V-100%-L.pdf
2025-05-19 14:22:19,811 - INFO - FileName: P65410O48FA0494-48V-100%-N.pdf
2025-05-19 14:22:19,996 - INFO - FileName: P65410O48FA0494-48V-25%-L.pdf
2025-05-19 14:22:20,140 - INFO - FileName: P65410O48FA0494-48V-25%-N.pdf
2025-05-19 14:22:20,293 - INFO - FileName: P65410O48FA0494-48V-50%-L.pdf
2025-05-19 14:22:20,437 - INFO - FileName: P65410O48FA0494-48V-50%-N.pdf
2025-05-19 14:22:20,594 - INFO - Max row after deletion: 73
2025-05-19 14:22:22,471 - ERROR - Error adding zip to Excel: 'NoneType' object has no attribute 'Worksheets'
2025-07-25 15:54:31,674 - INFO - Converted 36 success/0 fail files to PDF.
2025-07-25 16:01:46,262 - INFO - Converted 36 success/0 fail files to PDF.
2025-07-25 16:06:21,967 - INFO - Converted 36 success/0 fail files to PDF.
